<?xml version="1.0" encoding="UTF-8"?>
<!-- Generated by org.testng.reporters.JUnitReportReporter -->
<testsuite skipped="0" hostname="DIN16004877" name="webtable" tests="1" failures="0" timestamp="20 Oct 2016 09:36:47 GMT" time="0.419" errors="0">
  <testcase name="test1" time="0.419" classname="webtable"/>
</testsuite> <!-- webtable -->
